<?xml version="1.0" encoding="UTF-8"?>
<!-- Generated by org.testng.reporters.JUnitReportReporter -->
<testsuite hostname="Dosen-PC" failures="0" tests="6" name="android.SmokeTest" time="79.548" errors="0" timestamp="2022-09-17T22:42:47 CEST" skipped="0">
  <testcase classname="android.SmokeTest" name="smokeTest" time="24.921"/>
  <testcase classname="android.SmokeTest" name="goToDashboardTest" time="28.743"/>
  <testcase classname="android.SmokeTest" name="goToMySelectionTest" time="6.478"/>
  <testcase classname="android.SmokeTest" name="helpAndSupportTest" time="6.943"/>
  <testcase classname="android.SmokeTest" name="CastVotesTest" time="9.497"/>
  <testcase classname="android.SmokeTest" name="goToProposalTest" time="2.966"/>
</testsuite> <!-- android.SmokeTest -->
